<?xml version="1.0" encoding="UTF-8"?>
<testsuite xmlns:xsi="http://www.w3.org/2001/XMLSchema-instance" xsi:noNamespaceSchemaLocation="https://maven.apache.org/surefire/maven-surefire-plugin/xsd/surefire-test-report.xsd" version="3.0.2" name="com.statusreserv.reservations.schedule.ScheduleServiceTest" time="0.462" tests="6" errors="0" skipped="0" failures="0">
  <properties>
    <property name="java.specification.version" value="25"/>
    <property name="sun.cpu.isalist" value="amd64"/>
    <property name="sun.jnu.encoding" value="Cp1252"/>
    <property name="java.class.path" value="C:\Users\Francisco\Documents\reservations\target\test-classes;C:\Users\Francisco\Documents\reservations\target\classes;C:\Users\Francisco\.m2\repository\org\mapstruct\mapstruct\1.6.3\mapstruct-1.6.3.jar;C:\Users\Francisco\.m2\repository\org\mapstruct\mapstruct-processor\1.6.3\mapstruct-processor-1.6.3.jar;C:\Users\Francisco\.m2\repository\org\springframework\boot\spring-boot-starter-data-jpa\4.0.0-SNAPSHOT\spring-boot-starter-data-jpa-4.0.0-SNAPSHOT.jar;C:\Users\Francisco\.m2\repository\org\springframework\boot\spring-boot-starter\4.0.0-SNAPSHOT\spring-boot-starter-4.0.0-SNAPSHOT.jar;C:\Users\Francisco\.m2\repository\org\springframework\boot\spring-boot-starter-logging\4.0.0-SNAPSHOT\spring-boot-starter-logging-4.0.0-SNAPSHOT.jar;C:\Users\Francisco\.m2\repository\ch\qos\logback\logback-classic\1.5.19\logback-classic-1.5.19.jar;C:\Users\Francisco\.m2\repository\ch\qos\logback\logback-core\1.5.19\logback-core-1.5.19.jar;C:\Users\Francisco\.m2\repository\org\apache\logging\log4j\log4j-to-slf4j\2.25.2\log4j-to-slf4j-2.25.2.jar;C:\Users\Francisco\.m2\repository\org\apache\logging\log4j\log4j-api\2.25.2\log4j-api-2.25.2.jar;C:\Users\Francisco\.m2\repository\org\slf4j\jul-to-slf4j\2.0.17\jul-to-slf4j-2.0.17.jar;C:\Users\Francisco\.m2\repository\org\springframework\boot\spring-boot-autoconfigure\4.0.0-SNAPSHOT\spring-boot-autoconfigure-4.0.0-SNAPSHOT.jar;C:\Users\Francisco\.m2\repository\jakarta\annotation\jakarta.annotation-api\3.0.0\jakarta.annotation-api-3.0.0.jar;C:\Users\Francisco\.m2\repository\org\yaml\snakeyaml\2.5\snakeyaml-2.5.jar;C:\Users\Francisco\.m2\repository\org\springframework\boot\spring-boot-starter-jdbc\4.0.0-SNAPSHOT\spring-boot-starter-jdbc-4.0.0-SNAPSHOT.jar;C:\Users\Francisco\.m2\repository\com\zaxxer\HikariCP\7.0.2\HikariCP-7.0.2.jar;C:\Users\Francisco\.m2\repository\org\springframework\boot\spring-boot-data-jpa\4.0.0-SNAPSHOT\spring-boot-data-jpa-4.0.0-SNAPSHOT.jar;C:\Users\Francisco\.m2\repository\org\springframework\boot\spring-boot-data-commons\4.0.0-SNAPSHOT\spring-boot-data-commons-4.0.0-SNAPSHOT.jar;C:\Users\Francisco\.m2\repository\org\springframework\boot\spring-boot-persistence\4.0.0-SNAPSHOT\spring-boot-persistence-4.0.0-SNAPSHOT.jar;C:\Users\Francisco\.m2\repository\org\springframework\data\spring-data-commons\4.0.0-SNAPSHOT\spring-data-commons-4.0.0-SNAPSHOT.jar;C:\Users\Francisco\.m2\repository\org\springframework\boot\spring-boot-hibernate\4.0.0-SNAPSHOT\spring-boot-hibernate-4.0.0-SNAPSHOT.jar;C:\Users\Francisco\.m2\repository\org\springframework\boot\spring-boot-jpa\4.0.0-SNAPSHOT\spring-boot-jpa-4.0.0-SNAPSHOT.jar;C:\Users\Francisco\.m2\repository\jakarta\persistence\jakarta.persistence-api\3.2.0\jakarta.persistence-api-3.2.0.jar;C:\Users\Francisco\.m2\repository\org\hibernate\orm\hibernate-core\7.1.4.Final\hibernate-core-7.1.4.Final.jar;C:\Users\Francisco\.m2\repository\jakarta\transaction\jakarta.transaction-api\2.0.1\jakarta.transaction-api-2.0.1.jar;C:\Users\Francisco\.m2\repository\org\hibernate\models\hibernate-models\1.0.1\hibernate-models-1.0.1.jar;C:\Users\Francisco\.m2\repository\org\glassfish\jaxb\jaxb-runtime\4.0.6\jaxb-runtime-4.0.6.jar;C:\Users\Francisco\.m2\repository\org\glassfish\jaxb\jaxb-core\4.0.6\jaxb-core-4.0.6.jar;C:\Users\Francisco\.m2\repository\org\eclipse\angus\angus-activation\2.0.3\angus-activation-2.0.3.jar;C:\Users\Francisco\.m2\repository\org\glassfish\jaxb\txw2\4.0.6\txw2-4.0.6.jar;C:\Users\Francisco\.m2\repository\com\sun\istack\istack-commons-runtime\4.1.2\istack-commons-runtime-4.1.2.jar;C:\Users\Francisco\.m2\repository\jakarta\inject\jakarta.inject-api\2.0.1\jakarta.inject-api-2.0.1.jar;C:\Users\Francisco\.m2\repository\org\springframework\spring-orm\7.0.0-SNAPSHOT\spring-orm-7.0.0-SNAPSHOT.jar;C:\Users\Francisco\.m2\repository\org\springframework\data\spring-data-jpa\4.0.0-SNAPSHOT\spring-data-jpa-4.0.0-SNAPSHOT.jar;C:\Users\Francisco\.m2\repository\org\springframework\spring-tx\7.0.0-SNAPSHOT\spring-tx-7.0.0-SNAPSHOT.jar;C:\Users\Francisco\.m2\repository\org\antlr\antlr4-runtime\4.13.2\antlr4-runtime-4.13.2.jar;C:\Users\Francisco\.m2\repository\org\springframework\spring-aspects\7.0.0-SNAPSHOT\spring-aspects-7.0.0-SNAPSHOT.jar;C:\Users\Francisco\.m2\repository\org\aspectj\aspectjweaver\1.9.24\aspectjweaver-1.9.24.jar;C:\Users\Francisco\.m2\repository\org\springframework\boot\spring-boot-jdbc\4.0.0-SNAPSHOT\spring-boot-jdbc-4.0.0-SNAPSHOT.jar;C:\Users\Francisco\.m2\repository\org\springframework\boot\spring-boot\4.0.0-SNAPSHOT\spring-boot-4.0.0-SNAPSHOT.jar;C:\Users\Francisco\.m2\repository\org\springframework\boot\spring-boot-sql\4.0.0-SNAPSHOT\spring-boot-sql-4.0.0-SNAPSHOT.jar;C:\Users\Francisco\.m2\repository\org\springframework\spring-jdbc\7.0.0-SNAPSHOT\spring-jdbc-7.0.0-SNAPSHOT.jar;C:\Users\Francisco\.m2\repository\org\springframework\boot\spring-boot-tx\4.0.0-SNAPSHOT\spring-boot-tx-4.0.0-SNAPSHOT.jar;C:\Users\Francisco\.m2\repository\org\springframework\boot\spring-boot-starter-security\4.0.0-SNAPSHOT\spring-boot-starter-security-4.0.0-SNAPSHOT.jar;C:\Users\Francisco\.m2\repository\org\springframework\boot\spring-boot-security\4.0.0-SNAPSHOT\spring-boot-security-4.0.0-SNAPSHOT.jar;C:\Users\Francisco\.m2\repository\org\springframework\security\spring-security-config\7.0.0-SNAPSHOT\spring-security-config-7.0.0-SNAPSHOT.jar;C:\Users\Francisco\.m2\repository\org\springframework\spring-aop\7.0.0-SNAPSHOT\spring-aop-7.0.0-SNAPSHOT.jar;C:\Users\Francisco\.m2\repository\org\springframework\spring-beans\7.0.0-SNAPSHOT\spring-beans-7.0.0-SNAPSHOT.jar;C:\Users\Francisco\.m2\repository\org\springframework\boot\spring-boot-starter-security-oauth2-authorization-server\4.0.0-SNAPSHOT\spring-boot-starter-security-oauth2-authorization-server-4.0.0-SNAPSHOT.jar;C:\Users\Francisco\.m2\repository\org\springframework\boot\spring-boot-security-oauth2-authorization-server\4.0.0-SNAPSHOT\spring-boot-security-oauth2-authorization-server-4.0.0-SNAPSHOT.jar;C:\Users\Francisco\.m2\repository\org\springframework\security\spring-security-oauth2-authorization-server\7.0.0-SNAPSHOT\spring-security-oauth2-authorization-server-7.0.0-SNAPSHOT.jar;C:\Users\Francisco\.m2\repository\org\springframework\security\spring-security-oauth2-core\7.0.0-SNAPSHOT\spring-security-oauth2-core-7.0.0-SNAPSHOT.jar;C:\Users\Francisco\.m2\repository\org\springframework\security\spring-security-oauth2-jose\7.0.0-SNAPSHOT\spring-security-oauth2-jose-7.0.0-SNAPSHOT.jar;C:\Users\Francisco\.m2\repository\org\springframework\security\spring-security-oauth2-resource-server\7.0.0-SNAPSHOT\spring-security-oauth2-resource-server-7.0.0-SNAPSHOT.jar;C:\Users\Francisco\.m2\repository\com\nimbusds\nimbus-jose-jwt\10.4\nimbus-jose-jwt-10.4.jar;C:\Users\Francisco\.m2\repository\com\fasterxml\jackson\core\jackson-databind\2.20.0\jackson-databind-2.20.0.jar;C:\Users\Francisco\.m2\repository\com\fasterxml\jackson\core\jackson-annotations\2.20\jackson-annotations-2.20.jar;C:\Users\Francisco\.m2\repository\com\fasterxml\jackson\core\jackson-core\2.20.0\jackson-core-2.20.0.jar;C:\Users\Francisco\.m2\repository\org\springframework\boot\spring-boot-starter-validation\4.0.0-SNAPSHOT\spring-boot-starter-validation-4.0.0-SNAPSHOT.jar;C:\Users\Francisco\.m2\repository\org\springframework\boot\spring-boot-validation\4.0.0-SNAPSHOT\spring-boot-validation-4.0.0-SNAPSHOT.jar;C:\Users\Francisco\.m2\repository\org\apache\tomcat\embed\tomcat-embed-el\11.0.13\tomcat-embed-el-11.0.13.jar;C:\Users\Francisco\.m2\repository\org\hibernate\validator\hibernate-validator\9.0.1.Final\hibernate-validator-9.0.1.Final.jar;C:\Users\Francisco\.m2\repository\jakarta\validation\jakarta.validation-api\3.1.1\jakarta.validation-api-3.1.1.jar;C:\Users\Francisco\.m2\repository\org\jboss\logging\jboss-logging\3.6.1.Final\jboss-logging-3.6.1.Final.jar;C:\Users\Francisco\.m2\repository\com\fasterxml\classmate\1.7.1\classmate-1.7.1.jar;C:\Users\Francisco\.m2\repository\org\springframework\boot\spring-boot-starter-webmvc\4.0.0-SNAPSHOT\spring-boot-starter-webmvc-4.0.0-SNAPSHOT.jar;C:\Users\Francisco\.m2\repository\org\springframework\boot\spring-boot-starter-jackson\4.0.0-SNAPSHOT\spring-boot-starter-jackson-4.0.0-SNAPSHOT.jar;C:\Users\Francisco\.m2\repository\org\springframework\boot\spring-boot-jackson\4.0.0-SNAPSHOT\spring-boot-jackson-4.0.0-SNAPSHOT.jar;C:\Users\Francisco\.m2\repository\tools\jackson\core\jackson-databind\3.0.0\jackson-databind-3.0.0.jar;C:\Users\Francisco\.m2\repository\tools\jackson\core\jackson-core\3.0.0\jackson-core-3.0.0.jar;C:\Users\Francisco\.m2\repository\org\springframework\boot\spring-boot-starter-tomcat\4.0.0-SNAPSHOT\spring-boot-starter-tomcat-4.0.0-SNAPSHOT.jar;C:\Users\Francisco\.m2\repository\org\springframework\boot\spring-boot-tomcat\4.0.0-SNAPSHOT\spring-boot-tomcat-4.0.0-SNAPSHOT.jar;C:\Users\Francisco\.m2\repository\org\springframework\boot\spring-boot-web-server\4.0.0-SNAPSHOT\spring-boot-web-server-4.0.0-SNAPSHOT.jar;C:\Users\Francisco\.m2\repository\org\apache\tomcat\embed\tomcat-embed-core\11.0.13\tomcat-embed-core-11.0.13.jar;C:\Users\Francisco\.m2\repository\org\apache\tomcat\embed\tomcat-embed-websocket\11.0.13\tomcat-embed-websocket-11.0.13.jar;C:\Users\Francisco\.m2\repository\org\springframework\boot\spring-boot-http-converter\4.0.0-SNAPSHOT\spring-boot-http-converter-4.0.0-SNAPSHOT.jar;C:\Users\Francisco\.m2\repository\org\springframework\spring-web\7.0.0-SNAPSHOT\spring-web-7.0.0-SNAPSHOT.jar;C:\Users\Francisco\.m2\repository\org\springframework\boot\spring-boot-webmvc\4.0.0-SNAPSHOT\spring-boot-webmvc-4.0.0-SNAPSHOT.jar;C:\Users\Francisco\.m2\repository\org\springframework\boot\spring-boot-servlet\4.0.0-SNAPSHOT\spring-boot-servlet-4.0.0-SNAPSHOT.jar;C:\Users\Francisco\.m2\repository\org\springframework\spring-webmvc\7.0.0-SNAPSHOT\spring-webmvc-7.0.0-SNAPSHOT.jar;C:\Users\Francisco\.m2\repository\org\postgresql\postgresql\42.7.8\postgresql-42.7.8.jar;C:\Users\Francisco\.m2\repository\org\checkerframework\checker-qual\3.49.5\checker-qual-3.49.5.jar;C:\Users\Francisco\.m2\repository\org\projectlombok\lombok\1.18.42\lombok-1.18.42.jar;C:\Users\Francisco\.m2\repository\org\springframework\boot\spring-boot-starter-test\4.0.0-SNAPSHOT\spring-boot-starter-test-4.0.0-SNAPSHOT.jar;C:\Users\Francisco\.m2\repository\org\springframework\boot\spring-boot-test\4.0.0-SNAPSHOT\spring-boot-test-4.0.0-SNAPSHOT.jar;C:\Users\Francisco\.m2\repository\org\springframework\boot\spring-boot-test-autoconfigure\4.0.0-SNAPSHOT\spring-boot-test-autoconfigure-4.0.0-SNAPSHOT.jar;C:\Users\Francisco\.m2\repository\com\jayway\jsonpath\json-path\2.9.0\json-path-2.9.0.jar;C:\Users\Francisco\.m2\repository\org\slf4j\slf4j-api\2.0.17\slf4j-api-2.0.17.jar;C:\Users\Francisco\.m2\repository\jakarta\xml\bind\jakarta.xml.bind-api\4.0.4\jakarta.xml.bind-api-4.0.4.jar;C:\Users\Francisco\.m2\repository\jakarta\activation\jakarta.activation-api\2.1.4\jakarta.activation-api-2.1.4.jar;C:\Users\Francisco\.m2\repository\net\minidev\json-smart\2.6.0\json-smart-2.6.0.jar;C:\Users\Francisco\.m2\repository\net\minidev\accessors-smart\2.6.0\accessors-smart-2.6.0.jar;C:\Users\Francisco\.m2\repository\org\ow2\asm\asm\9.7.1\asm-9.7.1.jar;C:\Users\Francisco\.m2\repository\org\assertj\assertj-core\3.27.6\assertj-core-3.27.6.jar;C:\Users\Francisco\.m2\repository\net\bytebuddy\byte-buddy\1.17.8\byte-buddy-1.17.8.jar;C:\Users\Francisco\.m2\repository\org\awaitility\awaitility\4.3.0\awaitility-4.3.0.jar;C:\Users\Francisco\.m2\repository\org\hamcrest\hamcrest\3.0\hamcrest-3.0.jar;C:\Users\Francisco\.m2\repository\org\junit\jupiter\junit-jupiter\6.0.0\junit-jupiter-6.0.0.jar;C:\Users\Francisco\.m2\repository\org\junit\jupiter\junit-jupiter-api\6.0.0\junit-jupiter-api-6.0.0.jar;C:\Users\Francisco\.m2\repository\org\opentest4j\opentest4j\1.3.0\opentest4j-1.3.0.jar;C:\Users\Francisco\.m2\repository\org\junit\platform\junit-platform-commons\6.0.0\junit-platform-commons-6.0.0.jar;C:\Users\Francisco\.m2\repository\org\apiguardian\apiguardian-api\1.1.2\apiguardian-api-1.1.2.jar;C:\Users\Francisco\.m2\repository\org\junit\jupiter\junit-jupiter-params\6.0.0\junit-jupiter-params-6.0.0.jar;C:\Users\Francisco\.m2\repository\org\junit\jupiter\junit-jupiter-engine\6.0.0\junit-jupiter-engine-6.0.0.jar;C:\Users\Francisco\.m2\repository\org\junit\platform\junit-platform-engine\6.0.0\junit-platform-engine-6.0.0.jar;C:\Users\Francisco\.m2\repository\org\mockito\mockito-core\5.20.0\mockito-core-5.20.0.jar;C:\Users\Francisco\.m2\repository\net\bytebuddy\byte-buddy-agent\1.17.8\byte-buddy-agent-1.17.8.jar;C:\Users\Francisco\.m2\repository\org\objenesis\objenesis\3.3\objenesis-3.3.jar;C:\Users\Francisco\.m2\repository\org\mockito\mockito-junit-jupiter\5.20.0\mockito-junit-jupiter-5.20.0.jar;C:\Users\Francisco\.m2\repository\org\skyscreamer\jsonassert\1.5.3\jsonassert-1.5.3.jar;C:\Users\Francisco\.m2\repository\com\vaadin\external\google\android-json\0.0.20131108.vaadin1\android-json-0.0.20131108.vaadin1.jar;C:\Users\Francisco\.m2\repository\org\springframework\spring-core\7.0.0-SNAPSHOT\spring-core-7.0.0-SNAPSHOT.jar;C:\Users\Francisco\.m2\repository\commons-logging\commons-logging\1.3.5\commons-logging-1.3.5.jar;C:\Users\Francisco\.m2\repository\org\jspecify\jspecify\1.0.0\jspecify-1.0.0.jar;C:\Users\Francisco\.m2\repository\org\springframework\spring-test\7.0.0-SNAPSHOT\spring-test-7.0.0-SNAPSHOT.jar;C:\Users\Francisco\.m2\repository\org\xmlunit\xmlunit-core\2.10.4\xmlunit-core-2.10.4.jar;C:\Users\Francisco\.m2\repository\org\springframework\security\spring-security-test\7.0.0-SNAPSHOT\spring-security-test-7.0.0-SNAPSHOT.jar;C:\Users\Francisco\.m2\repository\org\springframework\security\spring-security-core\7.0.0-SNAPSHOT\spring-security-core-7.0.0-SNAPSHOT.jar;C:\Users\Francisco\.m2\repository\org\springframework\security\spring-security-crypto\7.0.0-SNAPSHOT\spring-security-crypto-7.0.0-SNAPSHOT.jar;C:\Users\Francisco\.m2\repository\org\springframework\spring-context\7.0.0-SNAPSHOT\spring-context-7.0.0-SNAPSHOT.jar;C:\Users\Francisco\.m2\repository\org\springframework\spring-expression\7.0.0-SNAPSHOT\spring-expression-7.0.0-SNAPSHOT.jar;C:\Users\Francisco\.m2\repository\io\micrometer\micrometer-observation\1.16.0-RC1\micrometer-observation-1.16.0-RC1.jar;C:\Users\Francisco\.m2\repository\io\micrometer\micrometer-commons\1.16.0-RC1\micrometer-commons-1.16.0-RC1.jar;C:\Users\Francisco\.m2\repository\org\springframework\security\spring-security-web\7.0.0-SNAPSHOT\spring-security-web-7.0.0-SNAPSHOT.jar;"/>
    <property name="java.vm.vendor" value="Oracle Corporation"/>
    <property name="sun.arch.data.model" value="64"/>
    <property name="user.variant" value=""/>
    <property name="java.vendor.url" value="https://java.oracle.com/"/>
    <property name="user.timezone" value="Europe/Lisbon"/>
    <property name="org.jboss.logging.provider" value="slf4j"/>
    <property name="os.name" value="Windows 10"/>
    <property name="java.vm.specification.version" value="25"/>
    <property name="APPLICATION_NAME" value="reservations"/>
    <property name="sun.java.launcher" value="SUN_STANDARD"/>
    <property name="user.country" value="PT"/>
    <property name="sun.boot.library.path" value="C:\Users\Francisco\.jdks\openjdk-25\bin"/>
    <property name="sun.java.command" value="C:\Users\Francisco\AppData\Local\Temp\surefire9327503887772822326\surefirebooter-20251015232502085_3.jar C:\Users\Francisco\AppData\Local\Temp\surefire9327503887772822326 2025-10-15T23-25-01_122-jvmRun1 surefire-20251015232502085_1tmp surefire_0-20251015232502085_2tmp"/>
    <property name="jdk.debug" value="release"/>
    <property name="surefire.test.class.path" value="C:\Users\Francisco\Documents\reservations\target\test-classes;C:\Users\Francisco\Documents\reservations\target\classes;C:\Users\Francisco\.m2\repository\org\mapstruct\mapstruct\1.6.3\mapstruct-1.6.3.jar;C:\Users\Francisco\.m2\repository\org\mapstruct\mapstruct-processor\1.6.3\mapstruct-processor-1.6.3.jar;C:\Users\Francisco\.m2\repository\org\springframework\boot\spring-boot-starter-data-jpa\4.0.0-SNAPSHOT\spring-boot-starter-data-jpa-4.0.0-SNAPSHOT.jar;C:\Users\Francisco\.m2\repository\org\springframework\boot\spring-boot-starter\4.0.0-SNAPSHOT\spring-boot-starter-4.0.0-SNAPSHOT.jar;C:\Users\Francisco\.m2\repository\org\springframework\boot\spring-boot-starter-logging\4.0.0-SNAPSHOT\spring-boot-starter-logging-4.0.0-SNAPSHOT.jar;C:\Users\Francisco\.m2\repository\ch\qos\logback\logback-classic\1.5.19\logback-classic-1.5.19.jar;C:\Users\Francisco\.m2\repository\ch\qos\logback\logback-core\1.5.19\logback-core-1.5.19.jar;C:\Users\Francisco\.m2\repository\org\apache\logging\log4j\log4j-to-slf4j\2.25.2\log4j-to-slf4j-2.25.2.jar;C:\Users\Francisco\.m2\repository\org\apache\logging\log4j\log4j-api\2.25.2\log4j-api-2.25.2.jar;C:\Users\Francisco\.m2\repository\org\slf4j\jul-to-slf4j\2.0.17\jul-to-slf4j-2.0.17.jar;C:\Users\Francisco\.m2\repository\org\springframework\boot\spring-boot-autoconfigure\4.0.0-SNAPSHOT\spring-boot-autoconfigure-4.0.0-SNAPSHOT.jar;C:\Users\Francisco\.m2\repository\jakarta\annotation\jakarta.annotation-api\3.0.0\jakarta.annotation-api-3.0.0.jar;C:\Users\Francisco\.m2\repository\org\yaml\snakeyaml\2.5\snakeyaml-2.5.jar;C:\Users\Francisco\.m2\repository\org\springframework\boot\spring-boot-starter-jdbc\4.0.0-SNAPSHOT\spring-boot-starter-jdbc-4.0.0-SNAPSHOT.jar;C:\Users\Francisco\.m2\repository\com\zaxxer\HikariCP\7.0.2\HikariCP-7.0.2.jar;C:\Users\Francisco\.m2\repository\org\springframework\boot\spring-boot-data-jpa\4.0.0-SNAPSHOT\spring-boot-data-jpa-4.0.0-SNAPSHOT.jar;C:\Users\Francisco\.m2\repository\org\springframework\boot\spring-boot-data-commons\4.0.0-SNAPSHOT\spring-boot-data-commons-4.0.0-SNAPSHOT.jar;C:\Users\Francisco\.m2\repository\org\springframework\boot\spring-boot-persistence\4.0.0-SNAPSHOT\spring-boot-persistence-4.0.0-SNAPSHOT.jar;C:\Users\Francisco\.m2\repository\org\springframework\data\spring-data-commons\4.0.0-SNAPSHOT\spring-data-commons-4.0.0-SNAPSHOT.jar;C:\Users\Francisco\.m2\repository\org\springframework\boot\spring-boot-hibernate\4.0.0-SNAPSHOT\spring-boot-hibernate-4.0.0-SNAPSHOT.jar;C:\Users\Francisco\.m2\repository\org\springframework\boot\spring-boot-jpa\4.0.0-SNAPSHOT\spring-boot-jpa-4.0.0-SNAPSHOT.jar;C:\Users\Francisco\.m2\repository\jakarta\persistence\jakarta.persistence-api\3.2.0\jakarta.persistence-api-3.2.0.jar;C:\Users\Francisco\.m2\repository\org\hibernate\orm\hibernate-core\7.1.4.Final\hibernate-core-7.1.4.Final.jar;C:\Users\Francisco\.m2\repository\jakarta\transaction\jakarta.transaction-api\2.0.1\jakarta.transaction-api-2.0.1.jar;C:\Users\Francisco\.m2\repository\org\hibernate\models\hibernate-models\1.0.1\hibernate-models-1.0.1.jar;C:\Users\Francisco\.m2\repository\org\glassfish\jaxb\jaxb-runtime\4.0.6\jaxb-runtime-4.0.6.jar;C:\Users\Francisco\.m2\repository\org\glassfish\jaxb\jaxb-core\4.0.6\jaxb-core-4.0.6.jar;C:\Users\Francisco\.m2\repository\org\eclipse\angus\angus-activation\2.0.3\angus-activation-2.0.3.jar;C:\Users\Francisco\.m2\repository\org\glassfish\jaxb\txw2\4.0.6\txw2-4.0.6.jar;C:\Users\Francisco\.m2\repository\com\sun\istack\istack-commons-runtime\4.1.2\istack-commons-runtime-4.1.2.jar;C:\Users\Francisco\.m2\repository\jakarta\inject\jakarta.inject-api\2.0.1\jakarta.inject-api-2.0.1.jar;C:\Users\Francisco\.m2\repository\org\springframework\spring-orm\7.0.0-SNAPSHOT\spring-orm-7.0.0-SNAPSHOT.jar;C:\Users\Francisco\.m2\repository\org\springframework\data\spring-data-jpa\4.0.0-SNAPSHOT\spring-data-jpa-4.0.0-SNAPSHOT.jar;C:\Users\Francisco\.m2\repository\org\springframework\spring-tx\7.0.0-SNAPSHOT\spring-tx-7.0.0-SNAPSHOT.jar;C:\Users\Francisco\.m2\repository\org\antlr\antlr4-runtime\4.13.2\antlr4-runtime-4.13.2.jar;C:\Users\Francisco\.m2\repository\org\springframework\spring-aspects\7.0.0-SNAPSHOT\spring-aspects-7.0.0-SNAPSHOT.jar;C:\Users\Francisco\.m2\repository\org\aspectj\aspectjweaver\1.9.24\aspectjweaver-1.9.24.jar;C:\Users\Francisco\.m2\repository\org\springframework\boot\spring-boot-jdbc\4.0.0-SNAPSHOT\spring-boot-jdbc-4.0.0-SNAPSHOT.jar;C:\Users\Francisco\.m2\repository\org\springframework\boot\spring-boot\4.0.0-SNAPSHOT\spring-boot-4.0.0-SNAPSHOT.jar;C:\Users\Francisco\.m2\repository\org\springframework\boot\spring-boot-sql\4.0.0-SNAPSHOT\spring-boot-sql-4.0.0-SNAPSHOT.jar;C:\Users\Francisco\.m2\repository\org\springframework\spring-jdbc\7.0.0-SNAPSHOT\spring-jdbc-7.0.0-SNAPSHOT.jar;C:\Users\Francisco\.m2\repository\org\springframework\boot\spring-boot-tx\4.0.0-SNAPSHOT\spring-boot-tx-4.0.0-SNAPSHOT.jar;C:\Users\Francisco\.m2\repository\org\springframework\boot\spring-boot-starter-security\4.0.0-SNAPSHOT\spring-boot-starter-security-4.0.0-SNAPSHOT.jar;C:\Users\Francisco\.m2\repository\org\springframework\boot\spring-boot-security\4.0.0-SNAPSHOT\spring-boot-security-4.0.0-SNAPSHOT.jar;C:\Users\Francisco\.m2\repository\org\springframework\security\spring-security-config\7.0.0-SNAPSHOT\spring-security-config-7.0.0-SNAPSHOT.jar;C:\Users\Francisco\.m2\repository\org\springframework\spring-aop\7.0.0-SNAPSHOT\spring-aop-7.0.0-SNAPSHOT.jar;C:\Users\Francisco\.m2\repository\org\springframework\spring-beans\7.0.0-SNAPSHOT\spring-beans-7.0.0-SNAPSHOT.jar;C:\Users\Francisco\.m2\repository\org\springframework\boot\spring-boot-starter-security-oauth2-authorization-server\4.0.0-SNAPSHOT\spring-boot-starter-security-oauth2-authorization-server-4.0.0-SNAPSHOT.jar;C:\Users\Francisco\.m2\repository\org\springframework\boot\spring-boot-security-oauth2-authorization-server\4.0.0-SNAPSHOT\spring-boot-security-oauth2-authorization-server-4.0.0-SNAPSHOT.jar;C:\Users\Francisco\.m2\repository\org\springframework\security\spring-security-oauth2-authorization-server\7.0.0-SNAPSHOT\spring-security-oauth2-authorization-server-7.0.0-SNAPSHOT.jar;C:\Users\Francisco\.m2\repository\org\springframework\security\spring-security-oauth2-core\7.0.0-SNAPSHOT\spring-security-oauth2-core-7.0.0-SNAPSHOT.jar;C:\Users\Francisco\.m2\repository\org\springframework\security\spring-security-oauth2-jose\7.0.0-SNAPSHOT\spring-security-oauth2-jose-7.0.0-SNAPSHOT.jar;C:\Users\Francisco\.m2\repository\org\springframework\security\spring-security-oauth2-resource-server\7.0.0-SNAPSHOT\spring-security-oauth2-resource-server-7.0.0-SNAPSHOT.jar;C:\Users\Francisco\.m2\repository\com\nimbusds\nimbus-jose-jwt\10.4\nimbus-jose-jwt-10.4.jar;C:\Users\Francisco\.m2\repository\com\fasterxml\jackson\core\jackson-databind\2.20.0\jackson-databind-2.20.0.jar;C:\Users\Francisco\.m2\repository\com\fasterxml\jackson\core\jackson-annotations\2.20\jackson-annotations-2.20.jar;C:\Users\Francisco\.m2\repository\com\fasterxml\jackson\core\jackson-core\2.20.0\jackson-core-2.20.0.jar;C:\Users\Francisco\.m2\repository\org\springframework\boot\spring-boot-starter-validation\4.0.0-SNAPSHOT\spring-boot-starter-validation-4.0.0-SNAPSHOT.jar;C:\Users\Francisco\.m2\repository\org\springframework\boot\spring-boot-validation\4.0.0-SNAPSHOT\spring-boot-validation-4.0.0-SNAPSHOT.jar;C:\Users\Francisco\.m2\repository\org\apache\tomcat\embed\tomcat-embed-el\11.0.13\tomcat-embed-el-11.0.13.jar;C:\Users\Francisco\.m2\repository\org\hibernate\validator\hibernate-validator\9.0.1.Final\hibernate-validator-9.0.1.Final.jar;C:\Users\Francisco\.m2\repository\jakarta\validation\jakarta.validation-api\3.1.1\jakarta.validation-api-3.1.1.jar;C:\Users\Francisco\.m2\repository\org\jboss\logging\jboss-logging\3.6.1.Final\jboss-logging-3.6.1.Final.jar;C:\Users\Francisco\.m2\repository\com\fasterxml\classmate\1.7.1\classmate-1.7.1.jar;C:\Users\Francisco\.m2\repository\org\springframework\boot\spring-boot-starter-webmvc\4.0.0-SNAPSHOT\spring-boot-starter-webmvc-4.0.0-SNAPSHOT.jar;C:\Users\Francisco\.m2\repository\org\springframework\boot\spring-boot-starter-jackson\4.0.0-SNAPSHOT\spring-boot-starter-jackson-4.0.0-SNAPSHOT.jar;C:\Users\Francisco\.m2\repository\org\springframework\boot\spring-boot-jackson\4.0.0-SNAPSHOT\spring-boot-jackson-4.0.0-SNAPSHOT.jar;C:\Users\Francisco\.m2\repository\tools\jackson\core\jackson-databind\3.0.0\jackson-databind-3.0.0.jar;C:\Users\Francisco\.m2\repository\tools\jackson\core\jackson-core\3.0.0\jackson-core-3.0.0.jar;C:\Users\Francisco\.m2\repository\org\springframework\boot\spring-boot-starter-tomcat\4.0.0-SNAPSHOT\spring-boot-starter-tomcat-4.0.0-SNAPSHOT.jar;C:\Users\Francisco\.m2\repository\org\springframework\boot\spring-boot-tomcat\4.0.0-SNAPSHOT\spring-boot-tomcat-4.0.0-SNAPSHOT.jar;C:\Users\Francisco\.m2\repository\org\springframework\boot\spring-boot-web-server\4.0.0-SNAPSHOT\spring-boot-web-server-4.0.0-SNAPSHOT.jar;C:\Users\Francisco\.m2\repository\org\apache\tomcat\embed\tomcat-embed-core\11.0.13\tomcat-embed-core-11.0.13.jar;C:\Users\Francisco\.m2\repository\org\apache\tomcat\embed\tomcat-embed-websocket\11.0.13\tomcat-embed-websocket-11.0.13.jar;C:\Users\Francisco\.m2\repository\org\springframework\boot\spring-boot-http-converter\4.0.0-SNAPSHOT\spring-boot-http-converter-4.0.0-SNAPSHOT.jar;C:\Users\Francisco\.m2\repository\org\springframework\spring-web\7.0.0-SNAPSHOT\spring-web-7.0.0-SNAPSHOT.jar;C:\Users\Francisco\.m2\repository\org\springframework\boot\spring-boot-webmvc\4.0.0-SNAPSHOT\spring-boot-webmvc-4.0.0-SNAPSHOT.jar;C:\Users\Francisco\.m2\repository\org\springframework\boot\spring-boot-servlet\4.0.0-SNAPSHOT\spring-boot-servlet-4.0.0-SNAPSHOT.jar;C:\Users\Francisco\.m2\repository\org\springframework\spring-webmvc\7.0.0-SNAPSHOT\spring-webmvc-7.0.0-SNAPSHOT.jar;C:\Users\Francisco\.m2\repository\org\postgresql\postgresql\42.7.8\postgresql-42.7.8.jar;C:\Users\Francisco\.m2\repository\org\checkerframework\checker-qual\3.49.5\checker-qual-3.49.5.jar;C:\Users\Francisco\.m2\repository\org\projectlombok\lombok\1.18.42\lombok-1.18.42.jar;C:\Users\Francisco\.m2\repository\org\springframework\boot\spring-boot-starter-test\4.0.0-SNAPSHOT\spring-boot-starter-test-4.0.0-SNAPSHOT.jar;C:\Users\Francisco\.m2\repository\org\springframework\boot\spring-boot-test\4.0.0-SNAPSHOT\spring-boot-test-4.0.0-SNAPSHOT.jar;C:\Users\Francisco\.m2\repository\org\springframework\boot\spring-boot-test-autoconfigure\4.0.0-SNAPSHOT\spring-boot-test-autoconfigure-4.0.0-SNAPSHOT.jar;C:\Users\Francisco\.m2\repository\com\jayway\jsonpath\json-path\2.9.0\json-path-2.9.0.jar;C:\Users\Francisco\.m2\repository\org\slf4j\slf4j-api\2.0.17\slf4j-api-2.0.17.jar;C:\Users\Francisco\.m2\repository\jakarta\xml\bind\jakarta.xml.bind-api\4.0.4\jakarta.xml.bind-api-4.0.4.jar;C:\Users\Francisco\.m2\repository\jakarta\activation\jakarta.activation-api\2.1.4\jakarta.activation-api-2.1.4.jar;C:\Users\Francisco\.m2\repository\net\minidev\json-smart\2.6.0\json-smart-2.6.0.jar;C:\Users\Francisco\.m2\repository\net\minidev\accessors-smart\2.6.0\accessors-smart-2.6.0.jar;C:\Users\Francisco\.m2\repository\org\ow2\asm\asm\9.7.1\asm-9.7.1.jar;C:\Users\Francisco\.m2\repository\org\assertj\assertj-core\3.27.6\assertj-core-3.27.6.jar;C:\Users\Francisco\.m2\repository\net\bytebuddy\byte-buddy\1.17.8\byte-buddy-1.17.8.jar;C:\Users\Francisco\.m2\repository\org\awaitility\awaitility\4.3.0\awaitility-4.3.0.jar;C:\Users\Francisco\.m2\repository\org\hamcrest\hamcrest\3.0\hamcrest-3.0.jar;C:\Users\Francisco\.m2\repository\org\junit\jupiter\junit-jupiter\6.0.0\junit-jupiter-6.0.0.jar;C:\Users\Francisco\.m2\repository\org\junit\jupiter\junit-jupiter-api\6.0.0\junit-jupiter-api-6.0.0.jar;C:\Users\Francisco\.m2\repository\org\opentest4j\opentest4j\1.3.0\opentest4j-1.3.0.jar;C:\Users\Francisco\.m2\repository\org\junit\platform\junit-platform-commons\6.0.0\junit-platform-commons-6.0.0.jar;C:\Users\Francisco\.m2\repository\org\apiguardian\apiguardian-api\1.1.2\apiguardian-api-1.1.2.jar;C:\Users\Francisco\.m2\repository\org\junit\jupiter\junit-jupiter-params\6.0.0\junit-jupiter-params-6.0.0.jar;C:\Users\Francisco\.m2\repository\org\junit\jupiter\junit-jupiter-engine\6.0.0\junit-jupiter-engine-6.0.0.jar;C:\Users\Francisco\.m2\repository\org\junit\platform\junit-platform-engine\6.0.0\junit-platform-engine-6.0.0.jar;C:\Users\Francisco\.m2\repository\org\mockito\mockito-core\5.20.0\mockito-core-5.20.0.jar;C:\Users\Francisco\.m2\repository\net\bytebuddy\byte-buddy-agent\1.17.8\byte-buddy-agent-1.17.8.jar;C:\Users\Francisco\.m2\repository\org\objenesis\objenesis\3.3\objenesis-3.3.jar;C:\Users\Francisco\.m2\repository\org\mockito\mockito-junit-jupiter\5.20.0\mockito-junit-jupiter-5.20.0.jar;C:\Users\Francisco\.m2\repository\org\skyscreamer\jsonassert\1.5.3\jsonassert-1.5.3.jar;C:\Users\Francisco\.m2\repository\com\vaadin\external\google\android-json\0.0.20131108.vaadin1\android-json-0.0.20131108.vaadin1.jar;C:\Users\Francisco\.m2\repository\org\springframework\spring-core\7.0.0-SNAPSHOT\spring-core-7.0.0-SNAPSHOT.jar;C:\Users\Francisco\.m2\repository\commons-logging\commons-logging\1.3.5\commons-logging-1.3.5.jar;C:\Users\Francisco\.m2\repository\org\jspecify\jspecify\1.0.0\jspecify-1.0.0.jar;C:\Users\Francisco\.m2\repository\org\springframework\spring-test\7.0.0-SNAPSHOT\spring-test-7.0.0-SNAPSHOT.jar;C:\Users\Francisco\.m2\repository\org\xmlunit\xmlunit-core\2.10.4\xmlunit-core-2.10.4.jar;C:\Users\Francisco\.m2\repository\org\springframework\security\spring-security-test\7.0.0-SNAPSHOT\spring-security-test-7.0.0-SNAPSHOT.jar;C:\Users\Francisco\.m2\repository\org\springframework\security\spring-security-core\7.0.0-SNAPSHOT\spring-security-core-7.0.0-SNAPSHOT.jar;C:\Users\Francisco\.m2\repository\org\springframework\security\spring-security-crypto\7.0.0-SNAPSHOT\spring-security-crypto-7.0.0-SNAPSHOT.jar;C:\Users\Francisco\.m2\repository\org\springframework\spring-context\7.0.0-SNAPSHOT\spring-context-7.0.0-SNAPSHOT.jar;C:\Users\Francisco\.m2\repository\org\springframework\spring-expression\7.0.0-SNAPSHOT\spring-expression-7.0.0-SNAPSHOT.jar;C:\Users\Francisco\.m2\repository\io\micrometer\micrometer-observation\1.16.0-RC1\micrometer-observation-1.16.0-RC1.jar;C:\Users\Francisco\.m2\repository\io\micrometer\micrometer-commons\1.16.0-RC1\micrometer-commons-1.16.0-RC1.jar;C:\Users\Francisco\.m2\repository\org\springframework\security\spring-security-web\7.0.0-SNAPSHOT\spring-security-web-7.0.0-SNAPSHOT.jar;"/>
    <property name="sun.cpu.endian" value="little"/>
    <property name="user.home" value="C:\Users\Francisco"/>
    <property name="user.language" value="pt"/>
    <property name="java.specification.vendor" value="Oracle Corporation"/>
    <property name="java.version.date" value="2025-09-16"/>
    <property name="java.home" value="C:\Users\Francisco\.jdks\openjdk-25"/>
    <property name="file.separator" value="\"/>
    <property name="basedir" value="C:\Users\Francisco\Documents\reservations"/>
    <property name="java.vm.compressedOopsMode" value="Zero based"/>
    <property name="line.separator" value="&#10;"/>
    <property name="java.vm.specification.vendor" value="Oracle Corporation"/>
    <property name="java.specification.name" value="Java Platform API Specification"/>
    <property name="FILE_LOG_CHARSET" value="UTF-8"/>
    <property name="java.awt.headless" value="true"/>
    <property name="surefire.real.class.path" value="C:\Users\Francisco\AppData\Local\Temp\surefire9327503887772822326\surefirebooter-20251015232502085_3.jar"/>
    <property name="user.script" value=""/>
    <property name="sun.management.compiler" value="HotSpot 64-Bit Tiered Compilers"/>
    <property name="java.runtime.version" value="25+36-3489"/>
    <property name="user.name" value="Francisco"/>
    <property name="stdout.encoding" value="Cp1252"/>
    <property name="path.separator" value=";"/>
    <property name="os.version" value="10.0"/>
    <property name="java.runtime.name" value="OpenJDK Runtime Environment"/>
    <property name="file.encoding" value="UTF-8"/>
    <property name="java.vm.name" value="OpenJDK 64-Bit Server VM"/>
    <property name="localRepository" value="C:\Users\Francisco\.m2\repository"/>
    <property name="java.vendor.url.bug" value="https://bugreport.java.com/bugreport/"/>
    <property name="java.io.tmpdir" value="C:\Users\FRANCI~1\AppData\Local\Temp\"/>
    <property name="idea.version" value="2024.3.5"/>
    <property name="com.zaxxer.hikari.pool_number" value="1"/>
    <property name="java.version" value="25"/>
    <property name="user.dir" value="C:\Users\Francisco\Documents\reservations"/>
    <property name="os.arch" value="amd64"/>
    <property name="java.vm.specification.name" value="Java Virtual Machine Specification"/>
    <property name="PID" value="13580"/>
    <property name="sun.os.patch.level" value=""/>
    <property name="CONSOLE_LOG_CHARSET" value="UTF-8"/>
    <property name="native.encoding" value="Cp1252"/>
    <property name="java.library.path" value="C:\Users\Francisco\.jdks\openjdk-25\bin;C:\Windows\Sun\Java\bin;C:\Windows\system32;C:\Windows;C:\Program Files\Java\jdk-17\bin;C:\Maven\bin\apache-maven-3.9.9\bin;C:\Program Files\Common Files\Oracle\Java\javapath;C:\Program Files (x86)\Razer Chroma SDK\bin;C:\Program Files\Razer Chroma SDK\bin;C:\Program Files (x86)\Razer\ChromaBroadcast\bin;C:\Program Files\Razer\ChromaBroadcast\bin;C:\Windows\system32;C:\Windows;C:\Windows\System32\Wbem;C:\Windows\System32\WindowsPowerShell\v1.0\;C:\Windows\System32\OpenSSH\;C:\Program Files\Git\cmd;C:\Users\Francisco\AppData\Local\Microsoft\WindowsApps;C:\Users\Francisco\AppData\Local\GitHubDesktop\bin;C:\Program Files (x86)\dotnet\;C:\Program Files\nodejs\;C:\Program Files\Docker\Docker\resources\bin;C:\Program Files\dotnet\;C:\Program Files\Amazon\AWSCLIV2\;C:\Program Files\PowerShell\7\;C:\Users\Francisco\AppData\Local\Microsoft\WindowsApps;C:\Users\Francisco\AppData\Local\GitHubDesktop\bin;C:\Users\Francisco\AppData\Roaming\npm;."/>
    <property name="java.vm.info" value="mixed mode, sharing"/>
    <property name="stderr.encoding" value="Cp1252"/>
    <property name="java.vendor" value="Oracle Corporation"/>
    <property name="java.vm.version" value="25+36-3489"/>
    <property name="stdin.encoding" value="Cp1252"/>
    <property name="sun.io.unicode.encoding" value="UnicodeLittle"/>
    <property name="java.class.version" value="69.0"/>
    <property name="LOGGED_APPLICATION_NAME" value="[reservations] "/>
  </properties>
  <testcase name="shouldUpdateScheduleSuccessfully" classname="com.statusreserv.reservations.schedule.ScheduleServiceTest" time="0.45">
    <system-err><![CDATA[Mockito is currently self-attaching to enable the inline-mock-maker. This will no longer work in future releases of the JDK. Please add Mockito as an agent to your build as described in Mockito's documentation: https://javadoc.io/doc/org.mockito/mockito-core/latest/org.mockito/org/mockito/Mockito.html#0.3
WARNING: A Java agent has been loaded dynamically (C:\Users\Francisco\.m2\repository\net\bytebuddy\byte-buddy-agent\1.17.8\byte-buddy-agent-1.17.8.jar)
WARNING: If a serviceability tool is in use, please run with -XX:+EnableDynamicAgentLoading to hide this warning
WARNING: If a serviceability tool is not in use, please run with -Djdk.instrument.traceUsage for more information
WARNING: Dynamic loading of agents will be disallowed by default in a future release
]]></system-err>
  </testcase>
  <testcase name="shouldThrowWhenScheduleNotFound" classname="com.statusreserv.reservations.schedule.ScheduleServiceTest" time="0.002"/>
  <testcase name="shouldDeleteScheduleSuccessfully" classname="com.statusreserv.reservations.schedule.ScheduleServiceTest" time="0.001"/>
  <testcase name="shouldThrowWhenDeletingNonExistingSchedule" classname="com.statusreserv.reservations.schedule.ScheduleServiceTest" time="0.001"/>
  <testcase name="shouldReturnAllSchedulesAsDto" classname="com.statusreserv.reservations.schedule.ScheduleServiceTest" time="0.002"/>
  <testcase name="shouldCreateScheduleSuccessfully" classname="com.statusreserv.reservations.schedule.ScheduleServiceTest" time="0.002"/>
</testsuite>